Namespace(dataset='cora', dataDir='/home/yjzhou/github/gnn/dataset/npz', gpu=0, n_epochs=200, dim=1433, hidden=64, classes=7, model='gin', training='inference', aggregator_type='mean', num_layers=1, num_heads=8, num_outheads=1, torch_profile=False, in_drop=0.0, attn_drop=0.0, negative_slope=0.2, residual=False, early_stop=False)
dgl test start
# Loading (npz): 0.004s 
Graph(num_nodes=2708, num_edges=10556,
      ndata_schemes={}
      edata_schemes={})
DGL Inference GIN (L5-H64) Time: (ms) 2.567

Namespace(dataset='citeseer', dataDir='/home/yjzhou/github/gnn/dataset/npz', gpu=0, n_epochs=200, dim=3703, hidden=64, classes=6, model='gin', training='inference', aggregator_type='mean', num_layers=1, num_heads=8, num_outheads=1, torch_profile=False, in_drop=0.0, attn_drop=0.0, negative_slope=0.2, residual=False, early_stop=False)
dgl test start
# Loading (npz): 0.004s 
Graph(num_nodes=3327, num_edges=9228,
      ndata_schemes={}
      edata_schemes={})
DGL Inference GIN (L5-H64) Time: (ms) 2.521

Namespace(dataset='pubmed', dataDir='/home/yjzhou/github/gnn/dataset/npz', gpu=0, n_epochs=200, dim=500, hidden=64, classes=3, model='gin', training='inference', aggregator_type='mean', num_layers=1, num_heads=8, num_outheads=1, torch_profile=False, in_drop=0.0, attn_drop=0.0, negative_slope=0.2, residual=False, early_stop=False)
dgl test start
# Loading (npz): 0.007s 
Graph(num_nodes=19717, num_edges=99203,
      ndata_schemes={}
      edata_schemes={})
DGL Inference GIN (L5-H64) Time: (ms) 2.655

Namespace(dataset='ppi', dataDir='/home/yjzhou/github/gnn/dataset/npz', gpu=0, n_epochs=200, dim=50, hidden=64, classes=121, model='gin', training='inference', aggregator_type='mean', num_layers=1, num_heads=8, num_outheads=1, torch_profile=False, in_drop=0.0, attn_drop=0.0, negative_slope=0.2, residual=False, early_stop=False)
dgl test start
# Loading (npz): 0.020s 
Graph(num_nodes=56944, num_edges=818716,
      ndata_schemes={}
      edata_schemes={})
DGL Inference GIN (L5-H64) Time: (ms) 3.682

Namespace(dataset='amazon0505', dataDir='/home/yjzhou/github/gnn/dataset/npz', gpu=0, n_epochs=200, dim=96, hidden=64, classes=22, model='gin', training='inference', aggregator_type='mean', num_layers=1, num_heads=8, num_outheads=1, torch_profile=False, in_drop=0.0, attn_drop=0.0, negative_slope=0.2, residual=False, early_stop=False)
dgl test start
# Loading (npz): 0.088s 
Graph(num_nodes=410236, num_edges=4878874,
      ndata_schemes={}
      edata_schemes={})
DGL Inference GIN (L5-H64) Time: (ms) 25.878

Namespace(dataset='artist', dataDir='/home/yjzhou/github/gnn/dataset/npz', gpu=0, n_epochs=200, dim=100, hidden=64, classes=12, model='gin', training='inference', aggregator_type='mean', num_layers=1, num_heads=8, num_outheads=1, torch_profile=False, in_drop=0.0, attn_drop=0.0, negative_slope=0.2, residual=False, early_stop=False)
dgl test start
# Loading (npz): 0.035s 
Graph(num_nodes=50515, num_edges=1638396,
      ndata_schemes={}
      edata_schemes={})
DGL Inference GIN (L5-H64) Time: (ms) 4.499

Namespace(dataset='com-amazon', dataDir='/home/yjzhou/github/gnn/dataset/npz', gpu=0, n_epochs=200, dim=96, hidden=64, classes=22, model='gin', training='inference', aggregator_type='mean', num_layers=1, num_heads=8, num_outheads=1, torch_profile=False, in_drop=0.0, attn_drop=0.0, negative_slope=0.2, residual=False, early_stop=False)
dgl test start
# Loading (npz): 0.040s 
Graph(num_nodes=334863, num_edges=1851744,
      ndata_schemes={}
      edata_schemes={})
DGL Inference GIN (L5-H64) Time: (ms) 18.270

Namespace(dataset='soc-BlogCatalog', dataDir='/home/yjzhou/github/gnn/dataset/npz', gpu=0, n_epochs=200, dim=128, hidden=64, classes=39, model='gin', training='inference', aggregator_type='mean', num_layers=1, num_heads=8, num_outheads=1, torch_profile=False, in_drop=0.0, attn_drop=0.0, negative_slope=0.2, residual=False, early_stop=False)
dgl test start
# Loading (npz): 0.040s 
Graph(num_nodes=88784, num_edges=2093195,
      ndata_schemes={}
      edata_schemes={})
DGL Inference GIN (L5-H64) Time: (ms) 9.428

Namespace(dataset='amazon0601', dataDir='/home/yjzhou/github/gnn/dataset/npz', gpu=0, n_epochs=200, dim=96, hidden=64, classes=22, model='gin', training='inference', aggregator_type='mean', num_layers=1, num_heads=8, num_outheads=1, torch_profile=False, in_drop=0.0, attn_drop=0.0, negative_slope=0.2, residual=False, early_stop=False)
dgl test start
# Loading (npz): 0.058s 
Graph(num_nodes=403394, num_edges=3387388,
      ndata_schemes={}
      edata_schemes={})
DGL Inference GIN (L5-H64) Time: (ms) 22.784

Namespace(dataset='PROTEINS_full', dataDir='/home/yjzhou/github/gnn/dataset/npz', gpu=0, n_epochs=200, dim=29, hidden=64, classes=2, model='gin', training='inference', aggregator_type='mean', num_layers=1, num_heads=8, num_outheads=1, torch_profile=False, in_drop=0.0, attn_drop=0.0, negative_slope=0.2, residual=False, early_stop=False)
dgl test start
# Loading (npz): 0.009s 
Graph(num_nodes=43466, num_edges=162088,
      ndata_schemes={}
      edata_schemes={})
DGL Inference GIN (L5-H64) Time: (ms) 2.744

Namespace(dataset='OVCAR-8H', dataDir='/home/yjzhou/github/gnn/dataset/npz', gpu=0, n_epochs=200, dim=66, hidden=64, classes=2, model='gin', training='inference', aggregator_type='mean', num_layers=1, num_heads=8, num_outheads=1, torch_profile=False, in_drop=0.0, attn_drop=0.0, negative_slope=0.2, residual=False, early_stop=False)
dgl test start
# Loading (npz): 0.074s 
Graph(num_nodes=1889542, num_edges=3946402,
      ndata_schemes={}
      edata_schemes={})
DGL Inference GIN (L5-H64) Time: (ms) 81.613

Namespace(dataset='Yeast', dataDir='/home/yjzhou/github/gnn/dataset/npz', gpu=0, n_epochs=200, dim=74, hidden=64, classes=2, model='gin', training='inference', aggregator_type='mean', num_layers=1, num_heads=8, num_outheads=1, torch_profile=False, in_drop=0.0, attn_drop=0.0, negative_slope=0.2, residual=False, early_stop=False)
dgl test start
# Loading (npz): 0.081s 
Graph(num_nodes=1710902, num_edges=3636546,
      ndata_schemes={}
      edata_schemes={})
DGL Inference GIN (L5-H64) Time: (ms) 75.019

Namespace(dataset='DD', dataDir='/home/yjzhou/github/gnn/dataset/npz', gpu=0, n_epochs=200, dim=89, hidden=64, classes=2, model='gin', training='inference', aggregator_type='mean', num_layers=1, num_heads=8, num_outheads=1, torch_profile=False, in_drop=0.0, attn_drop=0.0, negative_slope=0.2, residual=False, early_stop=False)
dgl test start
# Loading (npz): 0.038s 
Graph(num_nodes=334925, num_edges=1686092,
      ndata_schemes={}
      edata_schemes={})
DGL Inference GIN (L5-H64) Time: (ms) 15.983

Namespace(dataset='TWITTER-Real-Graph-Partial', dataDir='/home/yjzhou/github/gnn/dataset/npz', gpu=0, n_epochs=200, dim=1323, hidden=64, classes=2, model='gin', training='inference', aggregator_type='mean', num_layers=1, num_heads=8, num_outheads=1, torch_profile=False, in_drop=0.0, attn_drop=0.0, negative_slope=0.2, residual=False, early_stop=False)
dgl test start
# Loading (npz): 0.035s 
Graph(num_nodes=580768, num_edges=1435116,
      ndata_schemes={}
      edata_schemes={})
DGL Inference GIN (L5-H64) Time: (ms) 76.831

Namespace(dataset='SW-620H', dataDir='/home/yjzhou/github/gnn/dataset/npz', gpu=0, n_epochs=200, dim=66, hidden=64, classes=2, model='gin', training='inference', aggregator_type='mean', num_layers=1, num_heads=8, num_outheads=1, torch_profile=False, in_drop=0.0, attn_drop=0.0, negative_slope=0.2, residual=False, early_stop=False)
dgl test start
# Loading (npz): 0.078s 
Graph(num_nodes=1888584, num_edges=3944206,
      ndata_schemes={}
      edata_schemes={})
DGL Inference GIN (L5-H64) Time: (ms) 81.603

